Using pre-set license
Built from '2021.3/staging' branch; Version is '2021.3.35f1 (157b46ce122a) revision 1407814'; Using compiler version '192829333'; Build Type 'Release'
OS: 'Windows 11  (10.0.22631) 64bit Professional' Language: 'en' Physical Memory: 15720 MB
BatchMode: 1, IsHumanControllingUs: 0, StartBugReporterOnCrash: 0, Is64bit: 1, IsPro: 1

COMMAND LINE ARGUMENTS:
C:\Program Files\Unity\Hub\Editor\2021.3.35f1\Editor\Unity.exe
-adb2
-batchMode
-noUpm
-name
AssetImportWorker5
-projectPath
C:/Users/MBraa/Desktop/efteling-Game2
-logFile
Logs/AssetImportWorker5.log
-srvPort
54246
Successfully changed project path to: C:/Users/MBraa/Desktop/efteling-Game2
C:/Users/MBraa/Desktop/efteling-Game2
[UnityMemory] Configuration Parameters - Can be set up in boot.config
    "memorysetup-bucket-allocator-granularity=16"
    "memorysetup-bucket-allocator-bucket-count=8"
    "memorysetup-bucket-allocator-block-size=33554432"
    "memorysetup-bucket-allocator-block-count=8"
    "memorysetup-main-allocator-block-size=16777216"
    "memorysetup-thread-allocator-block-size=16777216"
    "memorysetup-gfx-main-allocator-block-size=16777216"
    "memorysetup-gfx-thread-allocator-block-size=16777216"
    "memorysetup-cache-allocator-block-size=4194304"
    "memorysetup-typetree-allocator-block-size=2097152"
    "memorysetup-profiler-bucket-allocator-granularity=16"
    "memorysetup-profiler-bucket-allocator-bucket-count=8"
    "memorysetup-profiler-bucket-allocator-block-size=33554432"
    "memorysetup-profiler-bucket-allocator-block-count=8"
    "memorysetup-profiler-allocator-block-size=16777216"
    "memorysetup-profiler-editor-allocator-block-size=1048576"
    "memorysetup-temp-allocator-size-main=16777216"
    "memorysetup-job-temp-allocator-block-size=2097152"
    "memorysetup-job-temp-allocator-block-size-background=1048576"
    "memorysetup-job-temp-allocator-reduction-small-platforms=262144"
    "memorysetup-temp-allocator-size-background-worker=32768"
    "memorysetup-temp-allocator-size-job-worker=262144"
    "memorysetup-temp-allocator-size-preload-manager=33554432"
    "memorysetup-temp-allocator-size-nav-mesh-worker=65536"
    "memorysetup-temp-allocator-size-audio-worker=65536"
    "memorysetup-temp-allocator-size-cloud-worker=32768"
    "memorysetup-temp-allocator-size-gi-baking-worker=262144"
    "memorysetup-temp-allocator-size-gfx=262144"
Player connection [28660] Host "[IP] 10.52.52.170 [Port] 0 [Flags] 2 [Guid] 2476365820 [EditorId] 2476365820 [Version] 1048832 [Id] WindowsEditor(7,WINDELL-N2LRDSN) [Debug] 1 [PackageName] WindowsEditor [ProjectName] Editor" joined multi-casting on [225.0.0.222:54997]...

Player connection [28660] Host "[IP] 10.52.52.170 [Port] 0 [Flags] 2 [Guid] 2476365820 [EditorId] 2476365820 [Version] 1048832 [Id] WindowsEditor(7,WINDELL-N2LRDSN) [Debug] 1 [PackageName] WindowsEditor [ProjectName] Editor" joined alternative multi-casting on [225.0.0.222:34997]...

[Physics::Module] Initialized MultithreadedJobDispatcher with {0} workers.
Refreshing native plugins compatible for Editor in 91.07 ms, found 3 plugins.
Preloading 0 native plugins for Editor in 0.00 ms.
Initialize engine version: 2021.3.35f1 (157b46ce122a)
[Subsystems] Discovering subsystems at path C:/Program Files/Unity/Hub/Editor/2021.3.35f1/Editor/Data/Resources/UnitySubsystems
[Subsystems] Discovering subsystems at path C:/Users/MBraa/Desktop/efteling-Game2/Assets
GfxDevice: creating device client; threaded=0; jobified=0
Direct3D:
    Version:  Direct3D 11.0 [level 11.1]
    Renderer: AMD Radeon(TM) Graphics (ID=0x164c)
    Vendor:   ATI
    VRAM:     7860 MB
    Driver:   31.0.21024.5
Initialize mono
Mono path[0] = 'C:/Program Files/Unity/Hub/Editor/2021.3.35f1/Editor/Data/Managed'
Mono path[1] = 'C:/Program Files/Unity/Hub/Editor/2021.3.35f1/Editor/Data/MonoBleedingEdge/lib/mono/unityjit-win32'
Mono config path = 'C:/Program Files/Unity/Hub/Editor/2021.3.35f1/Editor/Data/MonoBleedingEdge/etc'
Using monoOptions --debugger-agent=transport=dt_socket,embedding=1,server=y,suspend=n,address=127.0.0.1:56708
Begin MonoManager ReloadAssembly
Registering precompiled unity dll's ...
Register platform support module: C:/Program Files/Unity/Hub/Editor/2021.3.35f1/Editor/Data/PlaybackEngines/WindowsStandaloneSupport/UnityEditor.WindowsStandalone.Extensions.dll
Registered in 0.006912 seconds.
Native extension for WindowsStandalone target not found
Refreshing native plugins compatible for Editor in 75.45 ms, found 3 plugins.
Preloading 0 native plugins for Editor in 0.00 ms.
Mono: successfully reloaded assembly
- Completed reload, in  0.697 seconds
Domain Reload Profiling:
	ReloadAssembly (697ms)
		BeginReloadAssembly (110ms)
			ExecutionOrderSort (0ms)
			DisableScriptedObjects (0ms)
			BackupInstance (0ms)
			ReleaseScriptingObjects (0ms)
			CreateAndSetChildDomain (1ms)
		EndReloadAssembly (479ms)
			LoadAssemblies (107ms)
			RebuildTransferFunctionScriptingTraits (0ms)
			SetupTypeCache (109ms)
			ReleaseScriptCaches (0ms)
			RebuildScriptCaches (30ms)
			SetupLoadedEditorAssemblies (296ms)
				LogAssemblyErrors (0ms)
				InitializePlatformSupportModulesInManaged (8ms)
				SetLoadedEditorAssemblies (0ms)
				RefreshPlugins (76ms)
				BeforeProcessingInitializeOnLoad (2ms)
				ProcessInitializeOnLoadAttributes (156ms)
				ProcessInitializeOnLoadMethodAttributes (54ms)
				AfterProcessingInitializeOnLoad (0ms)
				EditorAssembliesLoaded (0ms)
			ExecutionOrderSort2 (0ms)
			AwakeInstancesAfterBackupRestoration (0ms)
Platform modules already initialized, skipping
Registering precompiled user dll's ...
Registered in 0.006180 seconds.
Begin MonoManager ReloadAssembly
Native extension for WindowsStandalone target not found
Refreshing native plugins compatible for Editor in 71.18 ms, found 3 plugins.
Preloading 0 native plugins for Editor in 0.00 ms.
Package Manager log level set to [2]
[Package Manager] Server::EnsureServerProcessIsRunning -- launch failed, reason: Unity was launched with the -noUpm command-line argument
[Package Manager] Cannot connect to Unity Package Manager local server
Mono: successfully reloaded assembly
- Completed reload, in  1.847 seconds
Domain Reload Profiling:
	ReloadAssembly (1848ms)
		BeginReloadAssembly (150ms)
			ExecutionOrderSort (0ms)
			DisableScriptedObjects (6ms)
			BackupInstance (0ms)
			ReleaseScriptingObjects (0ms)
			CreateAndSetChildDomain (24ms)
		EndReloadAssembly (1589ms)
			LoadAssemblies (115ms)
			RebuildTransferFunctionScriptingTraits (0ms)
			SetupTypeCache (338ms)
			ReleaseScriptCaches (1ms)
			RebuildScriptCaches (55ms)
			SetupLoadedEditorAssemblies (1076ms)
				LogAssemblyErrors (0ms)
				InitializePlatformSupportModulesInManaged (4ms)
				SetLoadedEditorAssemblies (0ms)
				RefreshPlugins (71ms)
				BeforeProcessingInitializeOnLoad (77ms)
				ProcessInitializeOnLoadAttributes (898ms)
				ProcessInitializeOnLoadMethodAttributes (17ms)
				AfterProcessingInitializeOnLoad (8ms)
				EditorAssembliesLoaded (0ms)
			ExecutionOrderSort2 (0ms)
			AwakeInstancesAfterBackupRestoration (6ms)
Platform modules already initialized, skipping
========================================================================
Worker process is ready to serve import requests
Launched and connected shader compiler UnityShaderCompiler.exe after 0.06 seconds
Refreshing native plugins compatible for Editor in 0.80 ms, found 3 plugins.
Preloading 0 native plugins for Editor in 0.00 ms.
Unloading 3693 Unused Serialized files (Serialized files now loaded: 0)
Unloading 48 unused Assets / (1.5 MB). Loaded Objects now: 4172.
Memory consumption went from 153.3 MB to 151.8 MB.
Total: 4.912900 ms (FindLiveObjects: 0.502000 ms CreateObjectMapping: 0.250500 ms MarkObjects: 3.715100 ms  DeleteObjects: 0.443500 ms)

AssetImportParameters requested are different than current active one (requested -> active):
  custom:video-decoder-ogg-theora: a1e56fd34408186e4bbccfd4996cb3dc -> 
  custom:container-muxer-webm: aa71ff27fc2769a1b78a27578f13a17b -> 
  custom:container-demuxer-webm: 4f35f7cbe854078d1ac9338744f61a02 -> 
  custom:video-encoder-webm-vp8: eb34c28f22e8b96e1ab97ce403110664 -> 
  custom:CustomObjectIndexerAttribute: bc11b3a6c3213fcdd17b65e7da85e133 -> 
  custom:audio-encoder-webm-vorbis: bf7c407c2cedff20999df2af8eb42d56 -> 
  custom:framework-win-MediaFoundation: 216162199b28c13a410421893ffa2e32 -> 
  custom:SearchIndexIgnoredProperties: e643bd26f0fe6173181afceb89e7c659 -> 
  custom:container-demuxer-ogg: 62fdf1f143b41e24485cea50d1cbac27 -> 
  custom:video-decoder-webm-vp8: 9c59270c3fd7afecdb556c50c9e8de78 -> 
  custom:audio-decoder-ogg-vorbis: bf7c407c2cedff20999df2af8eb42d56 -> 
========================================================================
Received Import Request.
  Time since last request: 1052758.973639 seconds.
  path: Assets/3D Haven/Free Fantasy Terrain Textures/Textures/1K Resolution/3DH FTT Dirt_002a 1K.png
  artifactKey: Guid(5020511136143724ea1108909fdadc7a) Importer(815301076,1909f56bfc062723c751e8b465ee728b)
Number of updated assets reloaded before import = 0
Start importing Assets/3D Haven/Free Fantasy Terrain Textures/Textures/1K Resolution/3DH FTT Dirt_002a 1K.png using Guid(5020511136143724ea1108909fdadc7a) Importer(815301076,1909f56bfc062723c751e8b465ee728b)  -> (artifact id: '91925ed73e4bdfc034f8e98b883f82e7') in 0.116568 seconds 
Number of asset objects unloaded after import = 2
========================================================================
Received Import Request.
  Time since last request: 0.000031 seconds.
  path: Assets/3D Haven/Free Fantasy Terrain Textures/Textures/1K Resolution/3DH FTT Grass_002 Dirt_001 1K.png
  artifactKey: Guid(f5912f36d334ed541baa86076c53f4fa) Importer(815301076,1909f56bfc062723c751e8b465ee728b)
Number of updated assets reloaded before import = 0
Start importing Assets/3D Haven/Free Fantasy Terrain Textures/Textures/1K Resolution/3DH FTT Grass_002 Dirt_001 1K.png using Guid(f5912f36d334ed541baa86076c53f4fa) Importer(815301076,1909f56bfc062723c751e8b465ee728b)  -> (artifact id: '7e8f2b643e4e607e9214f909da0589a1') in 0.023589 seconds 
Number of asset objects unloaded after import = 2
========================================================================
Received Import Request.
  Time since last request: 0.000045 seconds.
  path: Assets/3D Haven/Free Fantasy Terrain Textures/Textures/1K Resolution/3DH FTT Sand_001 1K.png
  artifactKey: Guid(937e2b9ff53f9894b87e3d6d1954ccd7) Importer(815301076,1909f56bfc062723c751e8b465ee728b)
Number of updated assets reloaded before import = 0
Start importing Assets/3D Haven/Free Fantasy Terrain Textures/Textures/1K Resolution/3DH FTT Sand_001 1K.png using Guid(937e2b9ff53f9894b87e3d6d1954ccd7) Importer(815301076,1909f56bfc062723c751e8b465ee728b)  -> (artifact id: 'bfd9a1ec57eccf4695c84cc963d8b1bf') in 0.020204 seconds 
Number of asset objects unloaded after import = 2
========================================================================
Received Import Request.
  Time since last request: 76.173371 seconds.
  path: Assets/Green 1.terrainlayer
  artifactKey: Guid(b22265ca9611c2846a5f7ec4c2f61c91) Importer(815301076,1909f56bfc062723c751e8b465ee728b)
Number of updated assets reloaded before import = 0
Start importing Assets/Green 1.terrainlayer using Guid(b22265ca9611c2846a5f7ec4c2f61c91) Importer(815301076,1909f56bfc062723c751e8b465ee728b)  -> (artifact id: 'acf4e5e1ff669fb7c646573565bce62a') in 0.041516 seconds 
Number of asset objects unloaded after import = 2
========================================================================
Received Import Request.
  Time since last request: 20.105213 seconds.
  path: Assets/Green.terrainlayer
  artifactKey: Guid(b22265ca9611c2846a5f7ec4c2f61c91) Importer(815301076,1909f56bfc062723c751e8b465ee728b)
Number of updated assets reloaded before import = 0
Start importing Assets/Green.terrainlayer using Guid(b22265ca9611c2846a5f7ec4c2f61c91) Importer(815301076,1909f56bfc062723c751e8b465ee728b)  -> (artifact id: '761461c0af9cd0ffe9a64587ff3b385b') in 0.011966 seconds 
Number of asset objects unloaded after import = 2
========================================================================
Received Import Request.
  Time since last request: 170.426942 seconds.
  path: Assets/Path 1.terrainlayer
  artifactKey: Guid(022433a22126037488a02ec41fb0dd39) Importer(815301076,1909f56bfc062723c751e8b465ee728b)
Number of updated assets reloaded before import = 0
Start importing Assets/Path 1.terrainlayer using Guid(022433a22126037488a02ec41fb0dd39) Importer(815301076,1909f56bfc062723c751e8b465ee728b)  -> (artifact id: '3bcbb5347b2b992139a877d1e7fd016d') in 0.011483 seconds 
Number of asset objects unloaded after import = 2
========================================================================
Received Import Request.
  Time since last request: 16.685325 seconds.
  path: Assets/Path.terrainlayer
  artifactKey: Guid(022433a22126037488a02ec41fb0dd39) Importer(815301076,1909f56bfc062723c751e8b465ee728b)
Number of updated assets reloaded before import = 0
Start importing Assets/Path.terrainlayer using Guid(022433a22126037488a02ec41fb0dd39) Importer(815301076,1909f56bfc062723c751e8b465ee728b)  -> (artifact id: '9f12dfa316ac345f1f448db8f5b6c53a') in 0.014360 seconds 
Number of asset objects unloaded after import = 2
========================================================================
Received Import Request.
  Time since last request: 78.896743 seconds.
  path: Assets/River.terrainlayer
  artifactKey: Guid(961fa5927e57ce94c852265a326437c6) Importer(815301076,1909f56bfc062723c751e8b465ee728b)
Number of updated assets reloaded before import = 0
Start importing Assets/River.terrainlayer using Guid(961fa5927e57ce94c852265a326437c6) Importer(815301076,1909f56bfc062723c751e8b465ee728b)  -> (artifact id: 'f075b7931d2c17c378c5873786bd85d9') in 0.009388 seconds 
Number of asset objects unloaded after import = 2
========================================================================
Received Import Request.
  Time since last request: 636.009022 seconds.
  path: Assets/New Terrain.asset
  artifactKey: Guid(f3cc852efdb7b5648bb57e24bd068fce) Importer(815301076,1909f56bfc062723c751e8b465ee728b)
Number of updated assets reloaded before import = 0
Start importing Assets/New Terrain.asset using Guid(f3cc852efdb7b5648bb57e24bd068fce) Importer(815301076,1909f56bfc062723c751e8b465ee728b) The tree tree1 couldn't be instanced because the prefab contains no valid mesh renderer.
 -> (artifact id: '064212492f309b40a86d985a0360363d') in 0.042229 seconds 
Number of asset objects unloaded after import = 1044
========================================================================
Received Import Request.
  Time since last request: 49.048457 seconds.
  path: Assets/3D Models/basicgrass.blend1
  artifactKey: Guid(70cd11014e8d564498e1ae3a2db4aa78) Importer(815301076,1909f56bfc062723c751e8b465ee728b)
Number of updated assets reloaded before import = 0
Start importing Assets/3D Models/basicgrass.blend1 using Guid(70cd11014e8d564498e1ae3a2db4aa78) Importer(815301076,1909f56bfc062723c751e8b465ee728b)  -> (artifact id: '2cacd38da7b71992a79aa66f1365cce5') in 0.005332 seconds 
Number of asset objects unloaded after import = 1
========================================================================
Received Import Request.
  Time since last request: 480.722720 seconds.
  path: Assets/Materials/Green.terrainlayer
  artifactKey: Guid(b22265ca9611c2846a5f7ec4c2f61c91) Importer(815301076,1909f56bfc062723c751e8b465ee728b)
Number of updated assets reloaded before import = 0
Start importing Assets/Materials/Green.terrainlayer using Guid(b22265ca9611c2846a5f7ec4c2f61c91) Importer(815301076,1909f56bfc062723c751e8b465ee728b)  -> (artifact id: '767a46735b8f654e708e4c77f61302ea') in 0.018523 seconds 
Number of asset objects unloaded after import = 4
========================================================================
Received Import Request.
  Time since last request: 105.212243 seconds.
  path: Assets/3D Models/grass.blend
  artifactKey: Guid(c2bfc0a1546592c408f7b59a6c997b16) Importer(815301076,1909f56bfc062723c751e8b465ee728b)
Number of updated assets reloaded before import = 0
Start importing Assets/3D Models/grass.blend using Guid(c2bfc0a1546592c408f7b59a6c997b16) Importer(815301076,1909f56bfc062723c751e8b465ee728b)  -> (artifact id: 'eeef4150b71b6cfe4b816b5d0d117c0b') in 0.122761 seconds 
Number of asset objects unloaded after import = 35
========================================================================
Received Import Request.
  Time since last request: 71.913685 seconds.
  path: Assets/3D Models/basicgrass.fbx
  artifactKey: Guid(cf9d3a563ee076344b5788a290b06028) Importer(815301076,1909f56bfc062723c751e8b465ee728b)
Number of updated assets reloaded before import = 0
Start importing Assets/3D Models/basicgrass.fbx using Guid(cf9d3a563ee076344b5788a290b06028) Importer(815301076,1909f56bfc062723c751e8b465ee728b)  -> (artifact id: 'fb9e3cbc99f91e714e9becadf8e67fe4') in 0.032095 seconds 
Number of asset objects unloaded after import = 14
========================================================================
Received Import Request.
  Time since last request: 142.058238 seconds.
  path: Assets/3D Models/basicgrass Variant.prefab
  artifactKey: Guid(a44fd33a482bfdd49ae66242b603af65) Importer(815301076,1909f56bfc062723c751e8b465ee728b)
Number of updated assets reloaded before import = 0
Start importing Assets/3D Models/basicgrass Variant.prefab using Guid(a44fd33a482bfdd49ae66242b603af65) Importer(815301076,1909f56bfc062723c751e8b465ee728b)  -> (artifact id: '27a657b225669e3dbc464a6d2cbdce10') in 0.011009 seconds 
Number of asset objects unloaded after import = 27
========================================================================
Received Import Request.
  Time since last request: 7.518262 seconds.
  path: Assets/3D Models/grass2.prefab
  artifactKey: Guid(a44fd33a482bfdd49ae66242b603af65) Importer(815301076,1909f56bfc062723c751e8b465ee728b)
Number of updated assets reloaded before import = 0
Start importing Assets/3D Models/grass2.prefab using Guid(a44fd33a482bfdd49ae66242b603af65) Importer(815301076,1909f56bfc062723c751e8b465ee728b)  -> (artifact id: '59fbeaf7c6621b95546af8ffc203f5f4') in 0.008153 seconds 
Number of asset objects unloaded after import = 27
========================================================================
Received Import Request.
  Time since last request: 39.445969 seconds.
  path: Assets/3D Models/grass2.prefab
  artifactKey: Guid(a44fd33a482bfdd49ae66242b603af65) Importer(815301076,1909f56bfc062723c751e8b465ee728b)
Number of updated assets reloaded before import = 0
Start importing Assets/3D Models/grass2.prefab using Guid(a44fd33a482bfdd49ae66242b603af65) Importer(815301076,1909f56bfc062723c751e8b465ee728b)  -> (artifact id: 'ab68114454985ace31ef21f1274871e6') in 0.009364 seconds 
Number of asset objects unloaded after import = 28
========================================================================
Received Import Request.
  Time since last request: 26.743854 seconds.
  path: Assets/3D Models/grass2.prefab
  artifactKey: Guid(a44fd33a482bfdd49ae66242b603af65) Importer(815301076,1909f56bfc062723c751e8b465ee728b)
Number of updated assets reloaded before import = 0
Start importing Assets/3D Models/grass2.prefab using Guid(a44fd33a482bfdd49ae66242b603af65) Importer(815301076,1909f56bfc062723c751e8b465ee728b)  -> (artifact id: 'f333476b064f09bc97e459834437a1b7') in 0.008749 seconds 
Number of asset objects unloaded after import = 29
========================================================================
Received Import Request.
  Time since last request: 84.840555 seconds.
  path: Assets/3D Models/help.prefab
  artifactKey: Guid(608b58b514426cc4cbd1adc718dbd057) Importer(815301076,1909f56bfc062723c751e8b465ee728b)
Number of updated assets reloaded before import = 0
Start importing Assets/3D Models/help.prefab using Guid(608b58b514426cc4cbd1adc718dbd057) Importer(815301076,1909f56bfc062723c751e8b465ee728b)  -> (artifact id: '0f8e225a4f82de675d4a0f0887e6d0e7') in 0.009501 seconds 
Number of asset objects unloaded after import = 17
========================================================================
Received Import Request.
  Time since last request: 123.605451 seconds.
  path: Assets/3D Models/basicgrass Variant.prefab
  artifactKey: Guid(ae0bccf9fd069b64c86d0075a15b5f61) Importer(815301076,1909f56bfc062723c751e8b465ee728b)
Number of updated assets reloaded before import = 0
Start importing Assets/3D Models/basicgrass Variant.prefab using Guid(ae0bccf9fd069b64c86d0075a15b5f61) Importer(815301076,1909f56bfc062723c751e8b465ee728b)  -> (artifact id: '21bac0eca89756a7dbafa4ab2ba79a2c') in 0.012133 seconds 
Number of asset objects unloaded after import = 29
========================================================================
Received Import Request.
  Time since last request: 9.838620 seconds.
  path: Assets/3D Models/help.prefab
  artifactKey: Guid(ae0bccf9fd069b64c86d0075a15b5f61) Importer(815301076,1909f56bfc062723c751e8b465ee728b)
Number of updated assets reloaded before import = 0
Start importing Assets/3D Models/help.prefab using Guid(ae0bccf9fd069b64c86d0075a15b5f61) Importer(815301076,1909f56bfc062723c751e8b465ee728b)  -> (artifact id: '20cb4eb07a94f673926ead8526d8f594') in 0.010746 seconds 
Number of asset objects unloaded after import = 29
========================================================================
Received Import Request.
  Time since last request: 177.177494 seconds.
  path: Assets/3D Models/help.prefab
  artifactKey: Guid(ae0bccf9fd069b64c86d0075a15b5f61) Importer(815301076,1909f56bfc062723c751e8b465ee728b)
Number of updated assets reloaded before import = 0
Start importing Assets/3D Models/help.prefab using Guid(ae0bccf9fd069b64c86d0075a15b5f61) Importer(815301076,1909f56bfc062723c751e8b465ee728b)  -> (artifact id: '032864e9dc1997aa7b6eb174d778f5c0') in 0.009806 seconds 
Number of asset objects unloaded after import = 28
========================================================================
Received Import Request.
  Time since last request: 37.933771 seconds.
  path: Assets/3D Models/help.prefab
  artifactKey: Guid(ae0bccf9fd069b64c86d0075a15b5f61) Importer(815301076,1909f56bfc062723c751e8b465ee728b)
Number of updated assets reloaded before import = 0
Start importing Assets/3D Models/help.prefab using Guid(ae0bccf9fd069b64c86d0075a15b5f61) Importer(815301076,1909f56bfc062723c751e8b465ee728b)  -> (artifact id: '419f554d2e3af2cebc852135dc1f41f0') in 0.009808 seconds 
Number of asset objects unloaded after import = 29
========================================================================
Received Import Request.
  Time since last request: 13.807164 seconds.
  path: Assets/3D Models/help.prefab
  artifactKey: Guid(ae0bccf9fd069b64c86d0075a15b5f61) Importer(815301076,1909f56bfc062723c751e8b465ee728b)
Number of updated assets reloaded before import = 0
Start importing Assets/3D Models/help.prefab using Guid(ae0bccf9fd069b64c86d0075a15b5f61) Importer(815301076,1909f56bfc062723c751e8b465ee728b)  -> (artifact id: '64b14b3be5f94049af522b7d27311d15') in 0.009549 seconds 
Number of asset objects unloaded after import = 29
========================================================================
Received Prepare
Registering precompiled user dll's ...
Registered in 0.006858 seconds.
Begin MonoManager ReloadAssembly
Native extension for WindowsStandalone target not found
Refreshing native plugins compatible for Editor in 0.76 ms, found 3 plugins.
Preloading 0 native plugins for Editor in 0.00 ms.
[Package Manager] Server::EnsureServerProcessIsRunning -- launch failed, reason: Unity was launched with the -noUpm command-line argument
[Package Manager] Cannot connect to Unity Package Manager local server
Mono: successfully reloaded assembly
- Completed reload, in  1.801 seconds
Domain Reload Profiling:
	ReloadAssembly (1801ms)
		BeginReloadAssembly (178ms)
			ExecutionOrderSort (0ms)
			DisableScriptedObjects (5ms)
			BackupInstance (0ms)
			ReleaseScriptingObjects (0ms)
			CreateAndSetChildDomain (49ms)
		EndReloadAssembly (1518ms)
			LoadAssemblies (119ms)
			RebuildTransferFunctionScriptingTraits (0ms)
			SetupTypeCache (296ms)
			ReleaseScriptCaches (2ms)
			RebuildScriptCaches (52ms)
			SetupLoadedEditorAssemblies (1020ms)
				LogAssemblyErrors (0ms)
				InitializePlatformSupportModulesInManaged (7ms)
				SetLoadedEditorAssemblies (1ms)
				RefreshPlugins (1ms)
				BeforeProcessingInitializeOnLoad (69ms)
				ProcessInitializeOnLoadAttributes (911ms)
				ProcessInitializeOnLoadMethodAttributes (21ms)
				AfterProcessingInitializeOnLoad (11ms)
				EditorAssembliesLoaded (0ms)
			ExecutionOrderSort2 (0ms)
			AwakeInstancesAfterBackupRestoration (7ms)
Platform modules already initialized, skipping
Refreshing native plugins compatible for Editor in 1.03 ms, found 3 plugins.
Preloading 0 native plugins for Editor in 0.00 ms.
Unloading 3638 Unused Serialized files (Serialized files now loaded: 0)
Unloading 31 unused Assets / (1.5 MB). Loaded Objects now: 4191.
Memory consumption went from 153.0 MB to 151.6 MB.
Total: 6.298100 ms (FindLiveObjects: 0.494900 ms CreateObjectMapping: 0.199100 ms MarkObjects: 5.213300 ms  DeleteObjects: 0.388500 ms)

AssetImportParameters requested are different than current active one (requested -> active):
  custom:video-decoder-ogg-theora: a1e56fd34408186e4bbccfd4996cb3dc -> 
  custom:container-muxer-webm: aa71ff27fc2769a1b78a27578f13a17b -> 
  custom:container-demuxer-webm: 4f35f7cbe854078d1ac9338744f61a02 -> 
  custom:video-encoder-webm-vp8: eb34c28f22e8b96e1ab97ce403110664 -> 
  custom:CustomObjectIndexerAttribute: bc11b3a6c3213fcdd17b65e7da85e133 -> 
  custom:audio-encoder-webm-vorbis: bf7c407c2cedff20999df2af8eb42d56 -> 
  custom:framework-win-MediaFoundation: 216162199b28c13a410421893ffa2e32 -> 
  custom:SearchIndexIgnoredProperties: e643bd26f0fe6173181afceb89e7c659 -> 
  custom:container-demuxer-ogg: 62fdf1f143b41e24485cea50d1cbac27 -> 
  custom:video-decoder-webm-vp8: 9c59270c3fd7afecdb556c50c9e8de78 -> 
  custom:audio-decoder-ogg-vorbis: bf7c407c2cedff20999df2af8eb42d56 -> 
========================================================================
Received Prepare
Registering precompiled user dll's ...
Registered in 0.006464 seconds.
Begin MonoManager ReloadAssembly
Native extension for WindowsStandalone target not found
Refreshing native plugins compatible for Editor in 0.76 ms, found 3 plugins.
Preloading 0 native plugins for Editor in 0.00 ms.
[Package Manager] Server::EnsureServerProcessIsRunning -- launch failed, reason: Unity was launched with the -noUpm command-line argument
[Package Manager] Cannot connect to Unity Package Manager local server
Mono: successfully reloaded assembly
- Completed reload, in  1.923 seconds
Domain Reload Profiling:
	ReloadAssembly (1924ms)
		BeginReloadAssembly (170ms)
			ExecutionOrderSort (0ms)
			DisableScriptedObjects (5ms)
			BackupInstance (0ms)
			ReleaseScriptingObjects (0ms)
			CreateAndSetChildDomain (43ms)
		EndReloadAssembly (1652ms)
			LoadAssemblies (116ms)
			RebuildTransferFunctionScriptingTraits (0ms)
			SetupTypeCache (293ms)
			ReleaseScriptCaches (1ms)
			RebuildScriptCaches (67ms)
			SetupLoadedEditorAssemblies (1146ms)
				LogAssemblyErrors (0ms)
				InitializePlatformSupportModulesInManaged (8ms)
				SetLoadedEditorAssemblies (2ms)
				RefreshPlugins (1ms)
				BeforeProcessingInitializeOnLoad (73ms)
				ProcessInitializeOnLoadAttributes (1026ms)
				ProcessInitializeOnLoadMethodAttributes (23ms)
				AfterProcessingInitializeOnLoad (12ms)
				EditorAssembliesLoaded (0ms)
			ExecutionOrderSort2 (0ms)
			AwakeInstancesAfterBackupRestoration (7ms)
Platform modules already initialized, skipping
Refreshing native plugins compatible for Editor in 0.81 ms, found 3 plugins.
Preloading 0 native plugins for Editor in 0.00 ms.
Unloading 3638 Unused Serialized files (Serialized files now loaded: 0)
Unloading 31 unused Assets / (1.5 MB). Loaded Objects now: 4194.
Memory consumption went from 153.0 MB to 151.6 MB.
Total: 4.638800 ms (FindLiveObjects: 0.506300 ms CreateObjectMapping: 0.203500 ms MarkObjects: 3.563200 ms  DeleteObjects: 0.362700 ms)

AssetImportParameters requested are different than current active one (requested -> active):
  custom:video-decoder-ogg-theora: a1e56fd34408186e4bbccfd4996cb3dc -> 
  custom:container-muxer-webm: aa71ff27fc2769a1b78a27578f13a17b -> 
  custom:container-demuxer-webm: 4f35f7cbe854078d1ac9338744f61a02 -> 
  custom:video-encoder-webm-vp8: eb34c28f22e8b96e1ab97ce403110664 -> 
  custom:CustomObjectIndexerAttribute: bc11b3a6c3213fcdd17b65e7da85e133 -> 
  custom:audio-encoder-webm-vorbis: bf7c407c2cedff20999df2af8eb42d56 -> 
  custom:framework-win-MediaFoundation: 216162199b28c13a410421893ffa2e32 -> 
  custom:SearchIndexIgnoredProperties: e643bd26f0fe6173181afceb89e7c659 -> 
  custom:container-demuxer-ogg: 62fdf1f143b41e24485cea50d1cbac27 -> 
  custom:video-decoder-webm-vp8: 9c59270c3fd7afecdb556c50c9e8de78 -> 
  custom:audio-decoder-ogg-vorbis: bf7c407c2cedff20999df2af8eb42d56 -> 
========================================================================
Received Prepare
Registering precompiled user dll's ...
Registered in 0.007136 seconds.
Begin MonoManager ReloadAssembly
Native extension for WindowsStandalone target not found
Refreshing native plugins compatible for Editor in 0.73 ms, found 3 plugins.
Preloading 0 native plugins for Editor in 0.00 ms.
[Package Manager] Server::EnsureServerProcessIsRunning -- launch failed, reason: Unity was launched with the -noUpm command-line argument
[Package Manager] Cannot connect to Unity Package Manager local server
Mono: successfully reloaded assembly
- Completed reload, in  1.800 seconds
Domain Reload Profiling:
	ReloadAssembly (1801ms)
		BeginReloadAssembly (168ms)
			ExecutionOrderSort (0ms)
			DisableScriptedObjects (5ms)
			BackupInstance (0ms)
			ReleaseScriptingObjects (0ms)
			CreateAndSetChildDomain (40ms)
		EndReloadAssembly (1538ms)
			LoadAssemblies (115ms)
			RebuildTransferFunctionScriptingTraits (0ms)
			SetupTypeCache (268ms)
			ReleaseScriptCaches (1ms)
			RebuildScriptCaches (43ms)
			SetupLoadedEditorAssemblies (1094ms)
				LogAssemblyErrors (0ms)
				InitializePlatformSupportModulesInManaged (6ms)
				SetLoadedEditorAssemblies (1ms)
				RefreshPlugins (1ms)
				BeforeProcessingInitializeOnLoad (73ms)
				ProcessInitializeOnLoadAttributes (980ms)
				ProcessInitializeOnLoadMethodAttributes (21ms)
				AfterProcessingInitializeOnLoad (12ms)
				EditorAssembliesLoaded (0ms)
			ExecutionOrderSort2 (0ms)
			AwakeInstancesAfterBackupRestoration (6ms)
Platform modules already initialized, skipping
Refreshing native plugins compatible for Editor in 0.75 ms, found 3 plugins.
Preloading 0 native plugins for Editor in 0.00 ms.
Unloading 3638 Unused Serialized files (Serialized files now loaded: 0)
Unloading 31 unused Assets / (1.5 MB). Loaded Objects now: 4197.
Memory consumption went from 153.0 MB to 151.6 MB.
Total: 5.721100 ms (FindLiveObjects: 0.490300 ms CreateObjectMapping: 0.181100 ms MarkObjects: 4.089100 ms  DeleteObjects: 0.958100 ms)

AssetImportParameters requested are different than current active one (requested -> active):
  custom:video-decoder-ogg-theora: a1e56fd34408186e4bbccfd4996cb3dc -> 
  custom:container-muxer-webm: aa71ff27fc2769a1b78a27578f13a17b -> 
  custom:container-demuxer-webm: 4f35f7cbe854078d1ac9338744f61a02 -> 
  custom:video-encoder-webm-vp8: eb34c28f22e8b96e1ab97ce403110664 -> 
  custom:CustomObjectIndexerAttribute: bc11b3a6c3213fcdd17b65e7da85e133 -> 
  custom:audio-encoder-webm-vorbis: bf7c407c2cedff20999df2af8eb42d56 -> 
  custom:framework-win-MediaFoundation: 216162199b28c13a410421893ffa2e32 -> 
  custom:SearchIndexIgnoredProperties: e643bd26f0fe6173181afceb89e7c659 -> 
  custom:container-demuxer-ogg: 62fdf1f143b41e24485cea50d1cbac27 -> 
  custom:video-decoder-webm-vp8: 9c59270c3fd7afecdb556c50c9e8de78 -> 
  custom:audio-decoder-ogg-vorbis: bf7c407c2cedff20999df2af8eb42d56 -> 
========================================================================
Received Prepare
Registering precompiled user dll's ...
Registered in 0.006521 seconds.
Begin MonoManager ReloadAssembly
Native extension for WindowsStandalone target not found
Refreshing native plugins compatible for Editor in 1.69 ms, found 3 plugins.
Preloading 0 native plugins for Editor in 0.00 ms.
[Package Manager] Server::EnsureServerProcessIsRunning -- launch failed, reason: Unity was launched with the -noUpm command-line argument
[Package Manager] Cannot connect to Unity Package Manager local server
Mono: successfully reloaded assembly
- Completed reload, in  1.836 seconds
Domain Reload Profiling:
	ReloadAssembly (1837ms)
		BeginReloadAssembly (163ms)
			ExecutionOrderSort (0ms)
			DisableScriptedObjects (5ms)
			BackupInstance (0ms)
			ReleaseScriptingObjects (0ms)
			CreateAndSetChildDomain (38ms)
		EndReloadAssembly (1575ms)
			LoadAssemblies (116ms)
			RebuildTransferFunctionScriptingTraits (0ms)
			SetupTypeCache (281ms)
			ReleaseScriptCaches (1ms)
			RebuildScriptCaches (53ms)
			SetupLoadedEditorAssemblies (1099ms)
				LogAssemblyErrors (0ms)
				InitializePlatformSupportModulesInManaged (6ms)
				SetLoadedEditorAssemblies (2ms)
				RefreshPlugins (2ms)
				BeforeProcessingInitializeOnLoad (74ms)
				ProcessInitializeOnLoadAttributes (975ms)
				ProcessInitializeOnLoadMethodAttributes (25ms)
				AfterProcessingInitializeOnLoad (14ms)
				EditorAssembliesLoaded (0ms)
			ExecutionOrderSort2 (0ms)
			AwakeInstancesAfterBackupRestoration (7ms)
Platform modules already initialized, skipping
Refreshing native plugins compatible for Editor in 0.92 ms, found 3 plugins.
Preloading 0 native plugins for Editor in 0.00 ms.
Unloading 3638 Unused Serialized files (Serialized files now loaded: 0)
Unloading 31 unused Assets / (1.5 MB). Loaded Objects now: 4200.
Memory consumption went from 153.1 MB to 151.6 MB.
Total: 5.825100 ms (FindLiveObjects: 0.658400 ms CreateObjectMapping: 0.233500 ms MarkObjects: 4.559400 ms  DeleteObjects: 0.372000 ms)

AssetImportParameters requested are different than current active one (requested -> active):
  custom:video-decoder-ogg-theora: a1e56fd34408186e4bbccfd4996cb3dc -> 
  custom:container-muxer-webm: aa71ff27fc2769a1b78a27578f13a17b -> 
  custom:container-demuxer-webm: 4f35f7cbe854078d1ac9338744f61a02 -> 
  custom:video-encoder-webm-vp8: eb34c28f22e8b96e1ab97ce403110664 -> 
  custom:CustomObjectIndexerAttribute: bc11b3a6c3213fcdd17b65e7da85e133 -> 
  custom:audio-encoder-webm-vorbis: bf7c407c2cedff20999df2af8eb42d56 -> 
  custom:framework-win-MediaFoundation: 216162199b28c13a410421893ffa2e32 -> 
  custom:SearchIndexIgnoredProperties: e643bd26f0fe6173181afceb89e7c659 -> 
  custom:container-demuxer-ogg: 62fdf1f143b41e24485cea50d1cbac27 -> 
  custom:video-decoder-webm-vp8: 9c59270c3fd7afecdb556c50c9e8de78 -> 
  custom:audio-decoder-ogg-vorbis: bf7c407c2cedff20999df2af8eb42d56 -> 
========================================================================
Received Import Request.
  Time since last request: 1200.604730 seconds.
  path: Assets/Prefabs/tree1.prefab
  artifactKey: Guid(0185bb4567a807f4499f9fcc6ac7397b) Importer(815301076,1909f56bfc062723c751e8b465ee728b)
Number of updated assets reloaded before import = 0
Start importing Assets/Prefabs/tree1.prefab using Guid(0185bb4567a807f4499f9fcc6ac7397b) Importer(815301076,1909f56bfc062723c751e8b465ee728b)  -> (artifact id: '0213d5bd30461c2c78827df1d5435a54') in 0.086047 seconds 
Number of asset objects unloaded after import = 1185
========================================================================
Received Import Request.
  Time since last request: 4.107047 seconds.
  path: Assets/Prefabs/tree1.prefab
  artifactKey: Guid(0185bb4567a807f4499f9fcc6ac7397b) Importer(815301076,1909f56bfc062723c751e8b465ee728b)
Number of updated assets reloaded before import = 0
Start importing Assets/Prefabs/tree1.prefab using Guid(0185bb4567a807f4499f9fcc6ac7397b) Importer(815301076,1909f56bfc062723c751e8b465ee728b)  -> (artifact id: '803bac77f70ae5f0f1c1990261fcee92') in 0.031018 seconds 
Number of asset objects unloaded after import = 1186
========================================================================
Received Import Request.
  Time since last request: 0.929687 seconds.
  path: Assets/Prefabs/tree1.prefab
  artifactKey: Guid(0185bb4567a807f4499f9fcc6ac7397b) Importer(815301076,1909f56bfc062723c751e8b465ee728b)
Number of updated assets reloaded before import = 0
Start importing Assets/Prefabs/tree1.prefab using Guid(0185bb4567a807f4499f9fcc6ac7397b) Importer(815301076,1909f56bfc062723c751e8b465ee728b)  -> (artifact id: '14768c95b40135afc9b961dcd77e0fb7') in 0.032367 seconds 
Number of asset objects unloaded after import = 1186
========================================================================
Received Import Request.
  Time since last request: 3.453657 seconds.
  path: Assets/Prefabs/tree1.prefab
  artifactKey: Guid(0185bb4567a807f4499f9fcc6ac7397b) Importer(815301076,1909f56bfc062723c751e8b465ee728b)
Number of updated assets reloaded before import = 0
Start importing Assets/Prefabs/tree1.prefab using Guid(0185bb4567a807f4499f9fcc6ac7397b) Importer(815301076,1909f56bfc062723c751e8b465ee728b)  -> (artifact id: '8027d796464b6e343f97e58906156c02') in 0.030775 seconds 
Number of asset objects unloaded after import = 1185
========================================================================
Received Import Request.
  Time since last request: 2.187500 seconds.
  path: Assets/Prefabs/tree1.prefab
  artifactKey: Guid(0185bb4567a807f4499f9fcc6ac7397b) Importer(815301076,1909f56bfc062723c751e8b465ee728b)
Number of updated assets reloaded before import = 0
Start importing Assets/Prefabs/tree1.prefab using Guid(0185bb4567a807f4499f9fcc6ac7397b) Importer(815301076,1909f56bfc062723c751e8b465ee728b)  -> (artifact id: '7c8ccf5803ab8d7958349ac226e5ccea') in 0.029500 seconds 
Number of asset objects unloaded after import = 1185
========================================================================
Received Import Request.
  Time since last request: 19.373876 seconds.
  path: Assets/Prefabs/tree1.prefab
  artifactKey: Guid(0185bb4567a807f4499f9fcc6ac7397b) Importer(815301076,1909f56bfc062723c751e8b465ee728b)
Number of updated assets reloaded before import = 0
Start importing Assets/Prefabs/tree1.prefab using Guid(0185bb4567a807f4499f9fcc6ac7397b) Importer(815301076,1909f56bfc062723c751e8b465ee728b)  -> (artifact id: 'ed330a1ff662e707fe9eecd5873b1fc5') in 0.025423 seconds 
Number of asset objects unloaded after import = 1185
========================================================================
Received Import Request.
  Time since last request: 17.117541 seconds.
  path: Assets/Prefabs/tree1.prefab
  artifactKey: Guid(0185bb4567a807f4499f9fcc6ac7397b) Importer(815301076,1909f56bfc062723c751e8b465ee728b)
Number of updated assets reloaded before import = 0
Start importing Assets/Prefabs/tree1.prefab using Guid(0185bb4567a807f4499f9fcc6ac7397b) Importer(815301076,1909f56bfc062723c751e8b465ee728b)  -> (artifact id: 'b688202cd54ca3c190fc82bb39f83a13') in 0.025656 seconds 
Number of asset objects unloaded after import = 1185
========================================================================
Received Import Request.
  Time since last request: 321.946147 seconds.
  path: Assets/Prefabs/tree1.prefab
  artifactKey: Guid(0185bb4567a807f4499f9fcc6ac7397b) Importer(815301076,1909f56bfc062723c751e8b465ee728b)
Number of updated assets reloaded before import = 0
Start importing Assets/Prefabs/tree1.prefab using Guid(0185bb4567a807f4499f9fcc6ac7397b) Importer(815301076,1909f56bfc062723c751e8b465ee728b)  -> (artifact id: '3a558446fffa205ebf8ea18284b9e127') in 0.031035 seconds 
Number of asset objects unloaded after import = 1185
========================================================================
Received Prepare
Registering precompiled user dll's ...
Registered in 0.005423 seconds.
Begin MonoManager ReloadAssembly
Native extension for WindowsStandalone target not found
Refreshing native plugins compatible for Editor in 0.75 ms, found 3 plugins.
Preloading 0 native plugins for Editor in 0.00 ms.
[Package Manager] Server::EnsureServerProcessIsRunning -- launch failed, reason: Unity was launched with the -noUpm command-line argument
[Package Manager] Cannot connect to Unity Package Manager local server
Mono: successfully reloaded assembly
- Completed reload, in  1.801 seconds
Domain Reload Profiling:
	ReloadAssembly (1802ms)
		BeginReloadAssembly (166ms)
			ExecutionOrderSort (0ms)
			DisableScriptedObjects (5ms)
			BackupInstance (0ms)
			ReleaseScriptingObjects (0ms)
			CreateAndSetChildDomain (43ms)
		EndReloadAssembly (1540ms)
			LoadAssemblies (113ms)
			RebuildTransferFunctionScriptingTraits (0ms)
			SetupTypeCache (273ms)
			ReleaseScriptCaches (2ms)
			RebuildScriptCaches (44ms)
			SetupLoadedEditorAssemblies (1074ms)
				LogAssemblyErrors (0ms)
				InitializePlatformSupportModulesInManaged (5ms)
				SetLoadedEditorAssemblies (0ms)
				RefreshPlugins (1ms)
				BeforeProcessingInitializeOnLoad (71ms)
				ProcessInitializeOnLoadAttributes (960ms)
				ProcessInitializeOnLoadMethodAttributes (21ms)
				AfterProcessingInitializeOnLoad (14ms)
				EditorAssembliesLoaded (0ms)
			ExecutionOrderSort2 (0ms)
			AwakeInstancesAfterBackupRestoration (9ms)
Platform modules already initialized, skipping
Refreshing native plugins compatible for Editor in 0.76 ms, found 3 plugins.
Preloading 0 native plugins for Editor in 0.00 ms.
Unloading 3638 Unused Serialized files (Serialized files now loaded: 0)
Unloading 31 unused Assets / (1.5 MB). Loaded Objects now: 4204.
Memory consumption went from 153.4 MB to 151.9 MB.
Total: 5.150200 ms (FindLiveObjects: 0.457700 ms CreateObjectMapping: 0.186800 ms MarkObjects: 3.927700 ms  DeleteObjects: 0.575700 ms)

AssetImportParameters requested are different than current active one (requested -> active):
  custom:video-decoder-ogg-theora: a1e56fd34408186e4bbccfd4996cb3dc -> 
  custom:container-muxer-webm: aa71ff27fc2769a1b78a27578f13a17b -> 
  custom:container-demuxer-webm: 4f35f7cbe854078d1ac9338744f61a02 -> 
  custom:video-encoder-webm-vp8: eb34c28f22e8b96e1ab97ce403110664 -> 
  custom:CustomObjectIndexerAttribute: bc11b3a6c3213fcdd17b65e7da85e133 -> 
  custom:audio-encoder-webm-vorbis: bf7c407c2cedff20999df2af8eb42d56 -> 
  custom:framework-win-MediaFoundation: 216162199b28c13a410421893ffa2e32 -> 
  custom:SearchIndexIgnoredProperties: e643bd26f0fe6173181afceb89e7c659 -> 
  custom:container-demuxer-ogg: 62fdf1f143b41e24485cea50d1cbac27 -> 
  custom:video-decoder-webm-vp8: 9c59270c3fd7afecdb556c50c9e8de78 -> 
  custom:audio-decoder-ogg-vorbis: bf7c407c2cedff20999df2af8eb42d56 -> 
========================================================================
Received Import Request.
  Time since last request: 187.958343 seconds.
  path: Assets/Prefabs/tree1.prefab
  artifactKey: Guid(0185bb4567a807f4499f9fcc6ac7397b) Importer(815301076,1909f56bfc062723c751e8b465ee728b)
Number of updated assets reloaded before import = 0
Start importing Assets/Prefabs/tree1.prefab using Guid(0185bb4567a807f4499f9fcc6ac7397b) Importer(815301076,1909f56bfc062723c751e8b465ee728b)  -> (artifact id: '523dd0f3f9ce24f61d0ee2e9cf20fed8') in 0.084075 seconds 
Number of asset objects unloaded after import = 1185
========================================================================
Received Prepare
Registering precompiled user dll's ...
Registered in 0.006090 seconds.
Begin MonoManager ReloadAssembly
Native extension for WindowsStandalone target not found
Refreshing native plugins compatible for Editor in 0.99 ms, found 3 plugins.
Preloading 0 native plugins for Editor in 0.00 ms.
[Package Manager] Server::EnsureServerProcessIsRunning -- launch failed, reason: Unity was launched with the -noUpm command-line argument
[Package Manager] Cannot connect to Unity Package Manager local server
Mono: successfully reloaded assembly
- Completed reload, in  1.939 seconds
Domain Reload Profiling:
	ReloadAssembly (1939ms)
		BeginReloadAssembly (164ms)
			ExecutionOrderSort (0ms)
			DisableScriptedObjects (5ms)
			BackupInstance (0ms)
			ReleaseScriptingObjects (0ms)
			CreateAndSetChildDomain (40ms)
		EndReloadAssembly (1679ms)
			LoadAssemblies (115ms)
			RebuildTransferFunctionScriptingTraits (0ms)
			SetupTypeCache (280ms)
			ReleaseScriptCaches (2ms)
			RebuildScriptCaches (58ms)
			SetupLoadedEditorAssemblies (1196ms)
				LogAssemblyErrors (0ms)
				InitializePlatformSupportModulesInManaged (6ms)
				SetLoadedEditorAssemblies (1ms)
				RefreshPlugins (1ms)
				BeforeProcessingInitializeOnLoad (76ms)
				ProcessInitializeOnLoadAttributes (1080ms)
				ProcessInitializeOnLoadMethodAttributes (21ms)
				AfterProcessingInitializeOnLoad (11ms)
				EditorAssembliesLoaded (0ms)
			ExecutionOrderSort2 (0ms)
			AwakeInstancesAfterBackupRestoration (6ms)
Platform modules already initialized, skipping
Refreshing native plugins compatible for Editor in 0.81 ms, found 3 plugins.
Preloading 0 native plugins for Editor in 0.00 ms.
Unloading 3638 Unused Serialized files (Serialized files now loaded: 0)
Unloading 31 unused Assets / (1.5 MB). Loaded Objects now: 4207.
Memory consumption went from 153.4 MB to 151.9 MB.
Total: 5.222700 ms (FindLiveObjects: 0.591600 ms CreateObjectMapping: 0.215100 ms MarkObjects: 3.974300 ms  DeleteObjects: 0.438400 ms)

AssetImportParameters requested are different than current active one (requested -> active):
  custom:video-decoder-ogg-theora: a1e56fd34408186e4bbccfd4996cb3dc -> 
  custom:container-muxer-webm: aa71ff27fc2769a1b78a27578f13a17b -> 
  custom:container-demuxer-webm: 4f35f7cbe854078d1ac9338744f61a02 -> 
  custom:video-encoder-webm-vp8: eb34c28f22e8b96e1ab97ce403110664 -> 
  custom:CustomObjectIndexerAttribute: bc11b3a6c3213fcdd17b65e7da85e133 -> 
  custom:audio-encoder-webm-vorbis: bf7c407c2cedff20999df2af8eb42d56 -> 
  custom:framework-win-MediaFoundation: 216162199b28c13a410421893ffa2e32 -> 
  custom:SearchIndexIgnoredProperties: e643bd26f0fe6173181afceb89e7c659 -> 
  custom:container-demuxer-ogg: 62fdf1f143b41e24485cea50d1cbac27 -> 
  custom:video-decoder-webm-vp8: 9c59270c3fd7afecdb556c50c9e8de78 -> 
  custom:audio-decoder-ogg-vorbis: bf7c407c2cedff20999df2af8eb42d56 -> 
========================================================================
Received Prepare
Registering precompiled user dll's ...
Registered in 0.007335 seconds.
Begin MonoManager ReloadAssembly
Native extension for WindowsStandalone target not found
Refreshing native plugins compatible for Editor in 1.99 ms, found 3 plugins.
Preloading 0 native plugins for Editor in 0.00 ms.
[Package Manager] Server::EnsureServerProcessIsRunning -- launch failed, reason: Unity was launched with the -noUpm command-line argument
[Package Manager] Cannot connect to Unity Package Manager local server
Mono: successfully reloaded assembly
- Completed reload, in  2.433 seconds
Domain Reload Profiling:
	ReloadAssembly (2434ms)
		BeginReloadAssembly (160ms)
			ExecutionOrderSort (0ms)
			DisableScriptedObjects (5ms)
			BackupInstance (0ms)
			ReleaseScriptingObjects (0ms)
			CreateAndSetChildDomain (38ms)
		EndReloadAssembly (2176ms)
			LoadAssemblies (114ms)
			RebuildTransferFunctionScriptingTraits (0ms)
			SetupTypeCache (253ms)
			ReleaseScriptCaches (2ms)
			RebuildScriptCaches (44ms)
			SetupLoadedEditorAssemblies (1696ms)
				LogAssemblyErrors (0ms)
				InitializePlatformSupportModulesInManaged (14ms)
				SetLoadedEditorAssemblies (1ms)
				RefreshPlugins (2ms)
				BeforeProcessingInitializeOnLoad (134ms)
				ProcessInitializeOnLoadAttributes (1488ms)
				ProcessInitializeOnLoadMethodAttributes (41ms)
				AfterProcessingInitializeOnLoad (16ms)
				EditorAssembliesLoaded (0ms)
			ExecutionOrderSort2 (0ms)
			AwakeInstancesAfterBackupRestoration (9ms)
Platform modules already initialized, skipping
Refreshing native plugins compatible for Editor in 1.86 ms, found 3 plugins.
Preloading 0 native plugins for Editor in 0.00 ms.
Unloading 3638 Unused Serialized files (Serialized files now loaded: 0)
Unloading 31 unused Assets / (1.5 MB). Loaded Objects now: 4210.
Memory consumption went from 153.4 MB to 151.9 MB.
Total: 8.497900 ms (FindLiveObjects: 0.571600 ms CreateObjectMapping: 0.266500 ms MarkObjects: 7.038400 ms  DeleteObjects: 0.617600 ms)

AssetImportParameters requested are different than current active one (requested -> active):
  custom:video-decoder-ogg-theora: a1e56fd34408186e4bbccfd4996cb3dc -> 
  custom:container-muxer-webm: aa71ff27fc2769a1b78a27578f13a17b -> 
  custom:container-demuxer-webm: 4f35f7cbe854078d1ac9338744f61a02 -> 
  custom:video-encoder-webm-vp8: eb34c28f22e8b96e1ab97ce403110664 -> 
  custom:CustomObjectIndexerAttribute: bc11b3a6c3213fcdd17b65e7da85e133 -> 
  custom:audio-encoder-webm-vorbis: bf7c407c2cedff20999df2af8eb42d56 -> 
  custom:framework-win-MediaFoundation: 216162199b28c13a410421893ffa2e32 -> 
  custom:SearchIndexIgnoredProperties: e643bd26f0fe6173181afceb89e7c659 -> 
  custom:container-demuxer-ogg: 62fdf1f143b41e24485cea50d1cbac27 -> 
  custom:video-decoder-webm-vp8: 9c59270c3fd7afecdb556c50c9e8de78 -> 
  custom:audio-decoder-ogg-vorbis: bf7c407c2cedff20999df2af8eb42d56 -> 
========================================================================
Received Import Request.
  Time since last request: 354.331712 seconds.
  path: Assets/New Terrain.asset
  artifactKey: Guid(f3cc852efdb7b5648bb57e24bd068fce) Importer(815301076,1909f56bfc062723c751e8b465ee728b)
Number of updated assets reloaded before import = 0
Start importing Assets/New Terrain.asset using Guid(f3cc852efdb7b5648bb57e24bd068fce) Importer(815301076,1909f56bfc062723c751e8b465ee728b) The tree tree1 couldn't be instanced because the prefab contains no valid mesh renderer.
 -> (artifact id: 'f34e05e13938daab0fcc36217a92e096') in 0.072572 seconds 
Number of asset objects unloaded after import = 1060
========================================================================
Received Import Request.
  Time since last request: 129.062428 seconds.
  path: Assets/New Terrain 1.asset
  artifactKey: Guid(fd4aa50b71585884f963efcdf617d016) Importer(815301076,1909f56bfc062723c751e8b465ee728b)
Number of updated assets reloaded before import = 0
Start importing Assets/New Terrain 1.asset using Guid(fd4aa50b71585884f963efcdf617d016) Importer(815301076,1909f56bfc062723c751e8b465ee728b)  -> (artifact id: '506b7ce49f805dd0d95aa973782f565d') in 0.007800 seconds 
Number of asset objects unloaded after import = 1
========================================================================
Received Import Request.
  Time since last request: 48.405874 seconds.
  path: Assets/New Terrain 2.asset
  artifactKey: Guid(774a26e3dc8bdce49986b6c30aeae36a) Importer(815301076,1909f56bfc062723c751e8b465ee728b)
Number of updated assets reloaded before import = 0
Start importing Assets/New Terrain 2.asset using Guid(774a26e3dc8bdce49986b6c30aeae36a) Importer(815301076,1909f56bfc062723c751e8b465ee728b)  -> (artifact id: '22516d793e342d2d403158f69553c4cc') in 0.006951 seconds 
Number of asset objects unloaded after import = 1
========================================================================
Received Import Request.
  Time since last request: 40.741802 seconds.
  path: Assets/main.asset
  artifactKey: Guid(f3cc852efdb7b5648bb57e24bd068fce) Importer(815301076,1909f56bfc062723c751e8b465ee728b)
Number of updated assets reloaded before import = 0
Start importing Assets/main.asset using Guid(f3cc852efdb7b5648bb57e24bd068fce) Importer(815301076,1909f56bfc062723c751e8b465ee728b) The tree tree1 couldn't be instanced because the prefab contains no valid mesh renderer.
 -> (artifact id: 'e3ae72ebb7a993ffd49f800214ada2fe') in 0.033073 seconds 
Number of asset objects unloaded after import = 1060
========================================================================
Received Prepare
Registering precompiled user dll's ...
Registered in 0.005541 seconds.
Begin MonoManager ReloadAssembly
Native extension for WindowsStandalone target not found
Refreshing native plugins compatible for Editor in 0.83 ms, found 3 plugins.
Preloading 0 native plugins for Editor in 0.00 ms.
[Package Manager] Server::EnsureServerProcessIsRunning -- launch failed, reason: Unity was launched with the -noUpm command-line argument
[Package Manager] Cannot connect to Unity Package Manager local server
Mono: successfully reloaded assembly
- Completed reload, in  1.886 seconds
Domain Reload Profiling:
	ReloadAssembly (1887ms)
		BeginReloadAssembly (165ms)
			ExecutionOrderSort (0ms)
			DisableScriptedObjects (5ms)
			BackupInstance (0ms)
			ReleaseScriptingObjects (0ms)
			CreateAndSetChildDomain (40ms)
		EndReloadAssembly (1628ms)
			LoadAssemblies (117ms)
			RebuildTransferFunctionScriptingTraits (0ms)
			SetupTypeCache (328ms)
			ReleaseScriptCaches (2ms)
			RebuildScriptCaches (56ms)
			SetupLoadedEditorAssemblies (1089ms)
				LogAssemblyErrors (0ms)
				InitializePlatformSupportModulesInManaged (8ms)
				SetLoadedEditorAssemblies (0ms)
				RefreshPlugins (1ms)
				BeforeProcessingInitializeOnLoad (73ms)
				ProcessInitializeOnLoadAttributes (971ms)
				ProcessInitializeOnLoadMethodAttributes (27ms)
				AfterProcessingInitializeOnLoad (10ms)
				EditorAssembliesLoaded (0ms)
			ExecutionOrderSort2 (0ms)
			AwakeInstancesAfterBackupRestoration (7ms)
Platform modules already initialized, skipping
Refreshing native plugins compatible for Editor in 1.19 ms, found 3 plugins.
Preloading 0 native plugins for Editor in 0.00 ms.
Unloading 3638 Unused Serialized files (Serialized files now loaded: 0)
Unloading 31 unused Assets / (1.5 MB). Loaded Objects now: 4213.
Memory consumption went from 153.6 MB to 152.1 MB.
Total: 7.700200 ms (FindLiveObjects: 0.720300 ms CreateObjectMapping: 0.173700 ms MarkObjects: 6.114000 ms  DeleteObjects: 0.689700 ms)

AssetImportParameters requested are different than current active one (requested -> active):
  custom:video-decoder-ogg-theora: a1e56fd34408186e4bbccfd4996cb3dc -> 
  custom:container-muxer-webm: aa71ff27fc2769a1b78a27578f13a17b -> 
  custom:container-demuxer-webm: 4f35f7cbe854078d1ac9338744f61a02 -> 
  custom:video-encoder-webm-vp8: eb34c28f22e8b96e1ab97ce403110664 -> 
  custom:CustomObjectIndexerAttribute: bc11b3a6c3213fcdd17b65e7da85e133 -> 
  custom:audio-encoder-webm-vorbis: bf7c407c2cedff20999df2af8eb42d56 -> 
  custom:framework-win-MediaFoundation: 216162199b28c13a410421893ffa2e32 -> 
  custom:SearchIndexIgnoredProperties: e643bd26f0fe6173181afceb89e7c659 -> 
  custom:container-demuxer-ogg: 62fdf1f143b41e24485cea50d1cbac27 -> 
  custom:video-decoder-webm-vp8: 9c59270c3fd7afecdb556c50c9e8de78 -> 
  custom:audio-decoder-ogg-vorbis: bf7c407c2cedff20999df2af8eb42d56 -> 
========================================================================
Received Import Request.
  Time since last request: 412.829848 seconds.
  path: Assets/Prefabs/tree1.prefab
  artifactKey: Guid(0185bb4567a807f4499f9fcc6ac7397b) Importer(815301076,1909f56bfc062723c751e8b465ee728b)
Number of updated assets reloaded before import = 0
Start importing Assets/Prefabs/tree1.prefab using Guid(0185bb4567a807f4499f9fcc6ac7397b) Importer(815301076,1909f56bfc062723c751e8b465ee728b)  -> (artifact id: '9505239f9a011f1da63c6f33369318c3') in 0.085984 seconds 
Number of asset objects unloaded after import = 1185
========================================================================
Received Import Request.
  Time since last request: 2.523233 seconds.
  path: Assets/Prefabs/tree1.prefab
  artifactKey: Guid(0185bb4567a807f4499f9fcc6ac7397b) Importer(815301076,1909f56bfc062723c751e8b465ee728b)
Number of updated assets reloaded before import = 0
Start importing Assets/Prefabs/tree1.prefab using Guid(0185bb4567a807f4499f9fcc6ac7397b) Importer(815301076,1909f56bfc062723c751e8b465ee728b)  -> (artifact id: '52b6bb8627b32c7c60c805be3d15f78e') in 0.027373 seconds 
Number of asset objects unloaded after import = 1042
========================================================================
Received Import Request.
  Time since last request: 37.745096 seconds.
  path: Assets/Prefabs/tree1.prefab
  artifactKey: Guid(0185bb4567a807f4499f9fcc6ac7397b) Importer(815301076,1909f56bfc062723c751e8b465ee728b)
Number of updated assets reloaded before import = 0
Start importing Assets/Prefabs/tree1.prefab using Guid(0185bb4567a807f4499f9fcc6ac7397b) Importer(815301076,1909f56bfc062723c751e8b465ee728b)  -> (artifact id: '43cbaa7554ae492eef3e9a80574039db') in 0.028554 seconds 
Number of asset objects unloaded after import = 1042
========================================================================
Received Import Request.
  Time since last request: 22.832773 seconds.
  path: Assets/Prefabs/tree1.prefab
  artifactKey: Guid(0185bb4567a807f4499f9fcc6ac7397b) Importer(815301076,1909f56bfc062723c751e8b465ee728b)
Number of updated assets reloaded before import = 0
Start importing Assets/Prefabs/tree1.prefab using Guid(0185bb4567a807f4499f9fcc6ac7397b) Importer(815301076,1909f56bfc062723c751e8b465ee728b)  -> (artifact id: '0e015c8e48468450ea136759386dc675') in 0.023763 seconds 
Number of asset objects unloaded after import = 1042
========================================================================
Received Import Request.
  Time since last request: 13.334560 seconds.
  path: Assets/Prefabs/tree1.prefab
  artifactKey: Guid(0185bb4567a807f4499f9fcc6ac7397b) Importer(815301076,1909f56bfc062723c751e8b465ee728b)
Number of updated assets reloaded before import = 0
Start importing Assets/Prefabs/tree1.prefab using Guid(0185bb4567a807f4499f9fcc6ac7397b) Importer(815301076,1909f56bfc062723c751e8b465ee728b)  -> (artifact id: '548d0a5facfbbc57f902bbb64ef08225') in 0.025602 seconds 
Number of asset objects unloaded after import = 1042
========================================================================
Received Import Request.
  Time since last request: 40.629949 seconds.
  path: Assets/Prefabs/tree1.prefab
  artifactKey: Guid(0185bb4567a807f4499f9fcc6ac7397b) Importer(815301076,1909f56bfc062723c751e8b465ee728b)
Number of updated assets reloaded before import = 0
Start importing Assets/Prefabs/tree1.prefab using Guid(0185bb4567a807f4499f9fcc6ac7397b) Importer(815301076,1909f56bfc062723c751e8b465ee728b)  -> (artifact id: 'aebdd56eeebd95abfa37bb89d83a05da') in 0.024821 seconds 
Number of asset objects unloaded after import = 1042
========================================================================
Received Import Request.
  Time since last request: 139.180777 seconds.
  path: Assets/Prefabs/rocks_1.fbx
  artifactKey: Guid(644fa708070bc4f45936a8947ed76ea9) Importer(815301076,1909f56bfc062723c751e8b465ee728b)
Number of updated assets reloaded before import = 0
Start importing Assets/Prefabs/rocks_1.fbx using Guid(644fa708070bc4f45936a8947ed76ea9) Importer(815301076,1909f56bfc062723c751e8b465ee728b)  -> (artifact id: '309cb6073c958026db9e4f04e8131c99') in 0.033141 seconds 
Number of asset objects unloaded after import = 7
========================================================================
Received Import Request.
  Time since last request: 4.760577 seconds.
  path: Assets/Prefabs/rock_2.fbx
  artifactKey: Guid(907e58526166d1f439225ad84fe07ed9) Importer(815301076,1909f56bfc062723c751e8b465ee728b)
Number of updated assets reloaded before import = 0
Start importing Assets/Prefabs/rock_2.fbx using Guid(907e58526166d1f439225ad84fe07ed9) Importer(815301076,1909f56bfc062723c751e8b465ee728b)  -> (artifact id: 'd7feb1089f838af073e38f123c99bea7') in 0.073916 seconds 
Number of asset objects unloaded after import = 16
========================================================================
Received Import Request.
  Time since last request: 292.850678 seconds.
  path: Assets/Materials/Rock.mat
  artifactKey: Guid(4398785ad6de23b4a93845f971ddf773) Importer(815301076,1909f56bfc062723c751e8b465ee728b)
Number of updated assets reloaded before import = 0
Start importing Assets/Materials/Rock.mat using Guid(4398785ad6de23b4a93845f971ddf773) Importer(815301076,1909f56bfc062723c751e8b465ee728b)  -> (artifact id: '3f4957e5f224555459c3568ce5f6d753') in 0.015443 seconds 
Number of asset objects unloaded after import = 1
========================================================================
Received Import Request.
  Time since last request: 65.989373 seconds.
  path: Assets/Materials/Rock.mat
  artifactKey: Guid(4398785ad6de23b4a93845f971ddf773) Importer(815301076,1909f56bfc062723c751e8b465ee728b)
Number of updated assets reloaded before import = 0
Start importing Assets/Materials/Rock.mat using Guid(4398785ad6de23b4a93845f971ddf773) Importer(815301076,1909f56bfc062723c751e8b465ee728b)  -> (artifact id: '5ecb307db73d7455cae7a18102dc68e9') in 0.015563 seconds 
Number of asset objects unloaded after import = 1
